2018-03-27 14:24:55,777 ERROR 4264 [-/127.0.0.1/-/5012ms POST /data] nodejs.ConnectionTimeoutError: Connect timeout for 5000ms, GET https://www.uu898.com/newTrade.aspx?gm=95&c=-3&o=5&sa=0&p=1&area=2338&srv=25060&name=%E8%B7%A8%E4%B8%89B&netName=uu898 -2 (connected: false, keepalive socket: false, agent status: {"createSocketCount":28,"createSocketErrorCount":0,"closeSocketCount":23,"errorSocketCount":0,"timeoutSocketCount":21,"requestCount":27,"freeSockets":{"www.uu898.com:443:::::::::":5},"sockets":{},"requests":{}})
headers: {}
headers: {}
    at Timeout._onTimeout (/Users/cyrus/Documents/Code/egg-project/dnf-eye/node_modules/urllib/lib/urllib.js:755:15)
    at ontimeout (timers.js:482:11)
    at tryOnTimeout (timers.js:317:5)
    at Timer.listOnTimeout (timers.js:277:5)
name: 'ConnectionTimeoutError'
requestId: 27
data: undefined
path: '/newTrade.aspx?gm=95&c=-3&o=5&sa=0&p=1&area=2338&srv=25060&name=%E8%B7%A8%E4%B8%89B&netName=uu898'
status: -2
headers: {}
res: { status: -2, statusCode: -2, headers: {}, size: 0, aborted: false, rt: 5004, keepAliveSocket: false, data: undefined, requestUrls:  [ 'https://www.uu898.com/newTrade.aspx?gm=95&c=-3&o=5&sa=0&p=1&area=2338&srv=25060&name=%E8%B7%A8%E4%B8%89B&netName=uu898' ], timing: null, remoteAddress: '', remotePort: '' }
pid: 4264
hostname: CyrusdeMacBook-Pro.local

2018-03-27 17:02:58,822 ERROR 6839 [-/172.16.1.93/-/5037ms POST /data] nodejs.ResponseTimeoutError: Response timeout for 5000ms, GET http://s.5173.com/dnf-xptjnl-f10pkw-uokzto-0-bx1xiv-0-0-0-a-a-a-a-a-0-0-0-0.shtml?&name=%E8%B7%A8%E4%B8%80&netName=5173 -1 (connected: true, keepalive socket: false, agent status: {"createSocketCount":12,"createSocketErrorCount":0,"closeSocketCount":7,"errorSocketCount":0,"timeoutSocketCount":6,"requestCount":6,"freeSockets":{},"sockets":{"s.5173.com:80:":5},"requests":{}})
headers: {}
headers: {}
    at Timeout._onTimeout (/Users/cyrus/Documents/Code/egg-project/dnf-eye/node_modules/urllib/lib/urllib.js:769:15)
    at ontimeout (timers.js:482:11)
    at tryOnTimeout (timers.js:317:5)
    at Timer.listOnTimeout (timers.js:277:5)
name: 'ResponseTimeoutError'
requestId: 31
data: undefined
path: '/dnf-xptjnl-f10pkw-uokzto-0-bx1xiv-0-0-0-a-a-a-a-a-0-0-0-0.shtml?&name=%E8%B7%A8%E4%B8%80&netName=5173'
status: -1
headers: {}
res: { status: -1, statusCode: -1, headers: {}, size: 0, aborted: false, rt: 5028, keepAliveSocket: false, data: undefined, requestUrls:  [ 'http://s.5173.com/dnf-xptjnl-f10pkw-uokzto-0-bx1xiv-0-0-0-a-a-a-a-a-0-0-0-0.shtml?&name=%E8%B7%A8%E4%B8%80&netName=5173' ], timing: null, remoteAddress: '122.227.43.53', remotePort: 80 }
pid: 6839
hostname: CyrusdeMacBook-Pro.local

2018-03-27 17:13:30,946 ERROR 7017 [-/172.16.1.93/-/5077ms POST /data] nodejs.ResponseTimeoutError: Response timeout for 5000ms, GET http://s.5173.com/dnf-xptjnl-43yfk3-ctrpel-0-bx1xiv-0-0-0-a-a-a-a-a-0-0-0-0.shtml?&name=%E8%B7%A8%E4%BA%94&netName=5173 -1 (connected: true, keepalive socket: false, agent status: {"createSocketCount":7,"createSocketErrorCount":0,"closeSocketCount":1,"errorSocketCount":0,"timeoutSocketCount":0,"requestCount":0,"freeSockets":{},"sockets":{"s.5173.com:80:":6},"requests":{}})
headers: {}
headers: {}
    at Timeout._onTimeout (/Users/cyrus/Documents/Code/egg-project/dnf-eye/node_modules/urllib/lib/urllib.js:769:15)
    at ontimeout (timers.js:482:11)
    at tryOnTimeout (timers.js:317:5)
    at Timer.listOnTimeout (timers.js:277:5)
name: 'ResponseTimeoutError'
requestId: 13
data: undefined
path: '/dnf-xptjnl-43yfk3-ctrpel-0-bx1xiv-0-0-0-a-a-a-a-a-0-0-0-0.shtml?&name=%E8%B7%A8%E4%BA%94&netName=5173'
status: -1
headers: {}
res: { status: -1, statusCode: -1, headers: {}, size: 0, aborted: false, rt: 5030, keepAliveSocket: false, data: undefined, requestUrls:  [ 'http://s.5173.com/dnf-xptjnl-43yfk3-ctrpel-0-bx1xiv-0-0-0-a-a-a-a-a-0-0-0-0.shtml?&name=%E8%B7%A8%E4%BA%94&netName=5173' ], timing: null, remoteAddress: '122.227.43.53', remotePort: 80 }
pid: 7017
hostname: CyrusdeMacBook-Pro.local

2018-03-27 17:19:59,262 ERROR 7107 [-/172.16.1.93/-/5104ms POST /data] nodejs.ResponseTimeoutError: Response timeout for 5000ms, GET http://s.5173.com/dnf-xptjnl-43yfk3-nypj3u-0-bx1xiv-0-0-0-a-a-a-a-a-0-0-0-0.shtml?&name=%E8%B7%A8%E5%9B%9B&netName=5173 -1 (connected: true, keepalive socket: false, agent status: {"createSocketCount":7,"createSocketErrorCount":0,"closeSocketCount":3,"errorSocketCount":0,"timeoutSocketCount":2,"requestCount":6,"freeSockets":{"s.5173.com:80:":4},"sockets":{},"requests":{}})
headers: {}
headers: {}
    at Timeout._onTimeout (/Users/cyrus/Documents/Code/egg-project/dnf-eye/node_modules/urllib/lib/urllib.js:769:15)
    at ontimeout (timers.js:482:11)
    at tryOnTimeout (timers.js:317:5)
    at Timer.listOnTimeout (timers.js:277:5)
name: 'ResponseTimeoutError'
requestId: 12
data: undefined
path: '/dnf-xptjnl-43yfk3-nypj3u-0-bx1xiv-0-0-0-a-a-a-a-a-0-0-0-0.shtml?&name=%E8%B7%A8%E5%9B%9B&netName=5173'
status: -1
headers: {}
res: { status: -1, statusCode: -1, headers: {}, size: 0, aborted: false, rt: 5041, keepAliveSocket: false, data: undefined, requestUrls:  [ 'http://s.5173.com/dnf-xptjnl-43yfk3-nypj3u-0-bx1xiv-0-0-0-a-a-a-a-a-0-0-0-0.shtml?&name=%E8%B7%A8%E5%9B%9B&netName=5173' ], timing: null, remoteAddress: '122.227.43.53', remotePort: 80 }
pid: 7107
hostname: CyrusdeMacBook-Pro.local

