2018-03-27 09:42:16,866 WARN 1369 [-/127.0.0.1/-/2ms POST /data] missing csrf token. See https://eggjs.org/zh-cn/core/security.html#安全威胁csrf的防范
2018-03-27 09:42:16,870 WARN 1369 [-/127.0.0.1/-/5ms POST /data] nodejs.ForbiddenError: missing csrf token
    at Object.throw (/Users/cyrus/Documents/Code/egg-project/dnf-eye/node_modules/koa/lib/context.js:93:11)
    at Object.assertCsrf (/Users/cyrus/Documents/Code/egg-project/dnf-eye/node_modules/egg-security/app/extend/context.js:139:17)
    at csrf (/Users/cyrus/Documents/Code/egg-project/dnf-eye/node_modules/egg-security/lib/middlewares/csrf.js:31:9)
    at dispatch (/Users/cyrus/Documents/Code/egg-project/dnf-eye/node_modules/koa-compose/index.js:42:32)
    at /Users/cyrus/Documents/Code/egg-project/dnf-eye/node_modules/koa-compose/index.js:34:12
    at dispatch (/Users/cyrus/Documents/Code/egg-project/dnf-eye/node_modules/koa-compose/index.js:42:32)
    at next (/Users/cyrus/Documents/Code/egg-project/dnf-eye/node_modules/koa-compose/index.js:43:18)
    at session (/Users/cyrus/Documents/Code/egg-project/dnf-eye/node_modules/koa-session/index.js:41:13)
    at dispatch (/Users/cyrus/Documents/Code/egg-project/dnf-eye/node_modules/koa-compose/index.js:42:32)
    at next (/Users/cyrus/Documents/Code/egg-project/dnf-eye/node_modules/koa-compose/index.js:43:18)
message: 'missing csrf token'
pid: 1369
hostname: CyrusdeMacBook-Pro.local

2018-03-27 09:42:32,845 WARN 1369 [-/127.0.0.1/-/0ms POST /data] missing csrf token. See https://eggjs.org/zh-cn/core/security.html#安全威胁csrf的防范
2018-03-27 09:42:32,846 WARN 1369 [-/127.0.0.1/-/0ms POST /data] nodejs.ForbiddenError: missing csrf token
    at Object.throw (/Users/cyrus/Documents/Code/egg-project/dnf-eye/node_modules/koa/lib/context.js:93:11)
    at Object.assertCsrf (/Users/cyrus/Documents/Code/egg-project/dnf-eye/node_modules/egg-security/app/extend/context.js:139:17)
    at csrf (/Users/cyrus/Documents/Code/egg-project/dnf-eye/node_modules/egg-security/lib/middlewares/csrf.js:31:9)
    at dispatch (/Users/cyrus/Documents/Code/egg-project/dnf-eye/node_modules/koa-compose/index.js:42:32)
    at /Users/cyrus/Documents/Code/egg-project/dnf-eye/node_modules/koa-compose/index.js:34:12
    at dispatch (/Users/cyrus/Documents/Code/egg-project/dnf-eye/node_modules/koa-compose/index.js:42:32)
    at next (/Users/cyrus/Documents/Code/egg-project/dnf-eye/node_modules/koa-compose/index.js:43:18)
    at session (/Users/cyrus/Documents/Code/egg-project/dnf-eye/node_modules/koa-session/index.js:41:13)
    at dispatch (/Users/cyrus/Documents/Code/egg-project/dnf-eye/node_modules/koa-compose/index.js:42:32)
    at next (/Users/cyrus/Documents/Code/egg-project/dnf-eye/node_modules/koa-compose/index.js:43:18)
message: 'missing csrf token'
pid: 1369
hostname: CyrusdeMacBook-Pro.local

2018-03-27 13:43:37,722 WARN 3916 [-/127.0.0.1/-/4ms POST /data] missing csrf token. See https://eggjs.org/zh-cn/core/security.html#安全威胁csrf的防范
2018-03-27 13:43:37,724 WARN 3916 [-/127.0.0.1/-/6ms POST /data] nodejs.ForbiddenError: missing csrf token
    at Object.throw (/Users/cyrus/Documents/Code/egg-project/dnf-eye/node_modules/koa/lib/context.js:93:11)
    at Object.assertCsrf (/Users/cyrus/Documents/Code/egg-project/dnf-eye/node_modules/egg-security/app/extend/context.js:139:17)
    at csrf (/Users/cyrus/Documents/Code/egg-project/dnf-eye/node_modules/egg-security/lib/middlewares/csrf.js:31:9)
    at dispatch (/Users/cyrus/Documents/Code/egg-project/dnf-eye/node_modules/koa-compose/index.js:42:32)
    at /Users/cyrus/Documents/Code/egg-project/dnf-eye/node_modules/koa-compose/index.js:34:12
    at dispatch (/Users/cyrus/Documents/Code/egg-project/dnf-eye/node_modules/koa-compose/index.js:42:32)
    at next (/Users/cyrus/Documents/Code/egg-project/dnf-eye/node_modules/koa-compose/index.js:43:18)
    at session (/Users/cyrus/Documents/Code/egg-project/dnf-eye/node_modules/koa-session/index.js:41:13)
    at dispatch (/Users/cyrus/Documents/Code/egg-project/dnf-eye/node_modules/koa-compose/index.js:42:32)
    at next (/Users/cyrus/Documents/Code/egg-project/dnf-eye/node_modules/koa-compose/index.js:43:18)
message: 'missing csrf token'
pid: 3916
hostname: CyrusdeMacBook-Pro.local

2018-03-27 13:43:59,960 WARN 3916 [-/127.0.0.1/-/1ms POST /data] missing csrf token. See https://eggjs.org/zh-cn/core/security.html#安全威胁csrf的防范
2018-03-27 13:43:59,960 WARN 3916 [-/127.0.0.1/-/1ms POST /data] nodejs.ForbiddenError: missing csrf token
    at Object.throw (/Users/cyrus/Documents/Code/egg-project/dnf-eye/node_modules/koa/lib/context.js:93:11)
    at Object.assertCsrf (/Users/cyrus/Documents/Code/egg-project/dnf-eye/node_modules/egg-security/app/extend/context.js:139:17)
    at csrf (/Users/cyrus/Documents/Code/egg-project/dnf-eye/node_modules/egg-security/lib/middlewares/csrf.js:31:9)
    at dispatch (/Users/cyrus/Documents/Code/egg-project/dnf-eye/node_modules/koa-compose/index.js:42:32)
    at /Users/cyrus/Documents/Code/egg-project/dnf-eye/node_modules/koa-compose/index.js:34:12
    at dispatch (/Users/cyrus/Documents/Code/egg-project/dnf-eye/node_modules/koa-compose/index.js:42:32)
    at next (/Users/cyrus/Documents/Code/egg-project/dnf-eye/node_modules/koa-compose/index.js:43:18)
    at session (/Users/cyrus/Documents/Code/egg-project/dnf-eye/node_modules/koa-session/index.js:41:13)
    at dispatch (/Users/cyrus/Documents/Code/egg-project/dnf-eye/node_modules/koa-compose/index.js:42:32)
    at next (/Users/cyrus/Documents/Code/egg-project/dnf-eye/node_modules/koa-compose/index.js:43:18)
message: 'missing csrf token'
pid: 3916
hostname: CyrusdeMacBook-Pro.local

2018-03-27 13:55:38,559 WARN 4044 [-/127.0.0.1/-/15ms POST /data] nodejs.Error: invalid JSON, only supports object and array
    at parse (/Users/cyrus/Documents/Code/egg-project/dnf-eye/node_modules/co-body/lib/json.js:60:13)
    at /Users/cyrus/Documents/Code/egg-project/dnf-eye/node_modules/co-body/lib/json.js:45:22
    at <anonymous>
    at process._tickCallback (internal/process/next_tick.js:188:7)
status: 400
body: '------WebKitFormBoundaryf7D7gq122zCEmOAM\r\nContent-Disposition: form-data; name="json"\r\n\r\nundefined\r\n------WebKitFormBoundaryf7D7gq122zCEmOAM--\r\n'
pid: 4044
hostname: CyrusdeMacBook-Pro.local

2018-03-27 13:57:21,426 WARN 4044 [-/127.0.0.1/-/0ms POST /data] nodejs.Error: invalid JSON, only supports object and array
    at parse (/Users/cyrus/Documents/Code/egg-project/dnf-eye/node_modules/co-body/lib/json.js:60:13)
    at /Users/cyrus/Documents/Code/egg-project/dnf-eye/node_modules/co-body/lib/json.js:45:22
    at <anonymous>
    at process._tickCallback (internal/process/next_tick.js:188:7)
status: 400
body: '------WebKitFormBoundaryPQJe2dtXIKIwC6z3\r\nContent-Disposition: form-data; name="json"\r\n\r\n{"checkedNet":["uu898"],"checkedK":["k3a","k5"]}\r\n------WebKitFormBoundaryPQJe2dtXIKIwC6z3--\r\n'
pid: 4044
hostname: CyrusdeMacBook-Pro.local

