2018-03-27 00:00:01,722 INFO 9781 [egg-logrotator] app logger reload: got log-reload message
2018-03-27 09:35:15,690 INFO 1268 [egg:logger] init all loggers with options: {"dir":"/Users/cyrus/Documents/Code/egg-project/dnf-eye/logs/dnf-eye","encoding":"utf8","env":"local","level":"INFO","consoleLevel":"INFO","disableConsoleAfterReady":false,"outputJSON":false,"buffer":true,"appLogName":"dnf-eye-web.log","coreLogName":"egg-web.log","agentLogName":"egg-agent.log","errorLogName":"common-error.log","coreLogger":{"consoleLevel":"WARN"},"allowDebugAtProd":true,"type":"application"}
2018-03-27 09:35:15,789 INFO 1268 [egg-schedule]: register schedule /Users/cyrus/Documents/Code/egg-project/dnf-eye/node_modules/egg-logrotator/app/schedule/clean_log.js
2018-03-27 09:35:15,789 INFO 1268 [egg-schedule]: register schedule /Users/cyrus/Documents/Code/egg-project/dnf-eye/node_modules/egg-logrotator/app/schedule/rotate_by_file.js
2018-03-27 09:35:15,962 INFO 1268 [egg-static] starting static serve / -> /Users/cyrus/Documents/Code/egg-project/dnf-eye/app/public
2018-03-27 09:35:15,971 INFO 1268 [egg-security] use csrf middleware
2018-03-27 09:35:15,973 INFO 1268 [egg-security] use methodnoallow middleware
2018-03-27 09:35:15,974 INFO 1268 [egg-security] use noopen middleware
2018-03-27 09:35:15,975 INFO 1268 [egg-security] use nosniff middleware
2018-03-27 09:35:15,975 INFO 1268 [egg-security] use xssProtection middleware
2018-03-27 09:35:15,976 INFO 1268 [egg-security] use xframe middleware
2018-03-27 09:35:15,977 INFO 1268 [egg-security] use dta middleware
2018-03-27 09:35:15,978 INFO 1268 [egg-security] compose 7 middlewares into one security middleware
2018-03-27 09:35:16,332 INFO 1268 [egg-watcher:app] watcher start success
2018-03-27 09:40:44,804 INFO 1354 [egg:logger] init all loggers with options: {"dir":"/Users/cyrus/Documents/Code/egg-project/dnf-eye/logs/dnf-eye","encoding":"utf8","env":"local","level":"INFO","consoleLevel":"INFO","disableConsoleAfterReady":false,"outputJSON":false,"buffer":true,"appLogName":"dnf-eye-web.log","coreLogName":"egg-web.log","agentLogName":"egg-agent.log","errorLogName":"common-error.log","coreLogger":{"consoleLevel":"WARN"},"allowDebugAtProd":true,"type":"application"}
2018-03-27 09:40:44,883 INFO 1354 [egg-schedule]: register schedule /Users/cyrus/Documents/Code/egg-project/dnf-eye/node_modules/egg-logrotator/app/schedule/clean_log.js
2018-03-27 09:40:44,883 INFO 1354 [egg-schedule]: register schedule /Users/cyrus/Documents/Code/egg-project/dnf-eye/node_modules/egg-logrotator/app/schedule/rotate_by_file.js
2018-03-27 09:40:44,956 INFO 1354 [egg-static] starting static serve / -> /Users/cyrus/Documents/Code/egg-project/dnf-eye/app/public
2018-03-27 09:40:44,959 INFO 1354 [egg-security] use csrf middleware
2018-03-27 09:40:44,961 INFO 1354 [egg-security] use methodnoallow middleware
2018-03-27 09:40:44,963 INFO 1354 [egg-security] use noopen middleware
2018-03-27 09:40:44,964 INFO 1354 [egg-security] use nosniff middleware
2018-03-27 09:40:44,965 INFO 1354 [egg-security] use xssProtection middleware
2018-03-27 09:40:44,965 INFO 1354 [egg-security] use xframe middleware
2018-03-27 09:40:44,966 INFO 1354 [egg-security] use dta middleware
2018-03-27 09:40:44,966 INFO 1354 [egg-security] compose 7 middlewares into one security middleware
2018-03-27 09:40:45,288 INFO 1354 [egg-watcher:app] watcher start success
2018-03-27 09:40:54,924 INFO 1363 [egg:logger] init all loggers with options: {"dir":"/Users/cyrus/Documents/Code/egg-project/dnf-eye/logs/dnf-eye","encoding":"utf8","env":"local","level":"INFO","consoleLevel":"INFO","disableConsoleAfterReady":false,"outputJSON":false,"buffer":true,"appLogName":"dnf-eye-web.log","coreLogName":"egg-web.log","agentLogName":"egg-agent.log","errorLogName":"common-error.log","coreLogger":{"consoleLevel":"WARN"},"allowDebugAtProd":true,"type":"application"}
2018-03-27 09:40:54,976 INFO 1363 [egg-schedule]: register schedule /Users/cyrus/Documents/Code/egg-project/dnf-eye/node_modules/egg-logrotator/app/schedule/clean_log.js
2018-03-27 09:40:54,976 INFO 1363 [egg-schedule]: register schedule /Users/cyrus/Documents/Code/egg-project/dnf-eye/node_modules/egg-logrotator/app/schedule/rotate_by_file.js
2018-03-27 09:40:55,020 INFO 1363 [egg-static] starting static serve / -> /Users/cyrus/Documents/Code/egg-project/dnf-eye/app/public
2018-03-27 09:40:55,025 INFO 1363 [egg-security] use csrf middleware
2018-03-27 09:40:55,026 INFO 1363 [egg-security] use methodnoallow middleware
2018-03-27 09:40:55,027 INFO 1363 [egg-security] use noopen middleware
2018-03-27 09:40:55,029 INFO 1363 [egg-security] use nosniff middleware
2018-03-27 09:40:55,030 INFO 1363 [egg-security] use xssProtection middleware
2018-03-27 09:40:55,031 INFO 1363 [egg-security] use xframe middleware
2018-03-27 09:40:55,032 INFO 1363 [egg-security] use dta middleware
2018-03-27 09:40:55,032 INFO 1363 [egg-security] compose 7 middlewares into one security middleware
2018-03-27 09:40:55,217 INFO 1363 [egg-watcher:app] watcher start success
2018-03-27 09:41:16,728 INFO 1369 [egg:logger] init all loggers with options: {"dir":"/Users/cyrus/Documents/Code/egg-project/dnf-eye/logs/dnf-eye","encoding":"utf8","env":"local","level":"INFO","consoleLevel":"INFO","disableConsoleAfterReady":false,"outputJSON":false,"buffer":true,"appLogName":"dnf-eye-web.log","coreLogName":"egg-web.log","agentLogName":"egg-agent.log","errorLogName":"common-error.log","coreLogger":{"consoleLevel":"WARN"},"allowDebugAtProd":true,"type":"application"}
2018-03-27 09:41:16,800 INFO 1369 [egg-schedule]: register schedule /Users/cyrus/Documents/Code/egg-project/dnf-eye/node_modules/egg-logrotator/app/schedule/clean_log.js
2018-03-27 09:41:16,801 INFO 1369 [egg-schedule]: register schedule /Users/cyrus/Documents/Code/egg-project/dnf-eye/node_modules/egg-logrotator/app/schedule/rotate_by_file.js
2018-03-27 09:41:16,851 INFO 1369 [egg-static] starting static serve / -> /Users/cyrus/Documents/Code/egg-project/dnf-eye/app/public
2018-03-27 09:41:16,854 INFO 1369 [egg-security] use csrf middleware
2018-03-27 09:41:16,855 INFO 1369 [egg-security] use methodnoallow middleware
2018-03-27 09:41:16,855 INFO 1369 [egg-security] use noopen middleware
2018-03-27 09:41:16,856 INFO 1369 [egg-security] use nosniff middleware
2018-03-27 09:41:16,856 INFO 1369 [egg-security] use xssProtection middleware
2018-03-27 09:41:16,856 INFO 1369 [egg-security] use xframe middleware
2018-03-27 09:41:16,857 INFO 1369 [egg-security] use dta middleware
2018-03-27 09:41:16,857 INFO 1369 [egg-security] compose 7 middlewares into one security middleware
2018-03-27 09:41:17,038 INFO 1369 [egg-watcher:app] watcher start success
2018-03-27 10:56:12,121 INFO 2919 [egg:logger] init all loggers with options: {"dir":"/Users/cyrus/Documents/Code/egg-project/dnf-eye/logs/dnf-eye","encoding":"utf8","env":"local","level":"INFO","consoleLevel":"INFO","disableConsoleAfterReady":false,"outputJSON":false,"buffer":true,"appLogName":"dnf-eye-web.log","coreLogName":"egg-web.log","agentLogName":"egg-agent.log","errorLogName":"common-error.log","coreLogger":{"consoleLevel":"WARN"},"allowDebugAtProd":true,"type":"application"}
2018-03-27 10:56:12,198 INFO 2919 [egg-schedule]: register schedule /Users/cyrus/Documents/Code/egg-project/dnf-eye/node_modules/egg-logrotator/app/schedule/clean_log.js
2018-03-27 10:56:12,198 INFO 2919 [egg-schedule]: register schedule /Users/cyrus/Documents/Code/egg-project/dnf-eye/node_modules/egg-logrotator/app/schedule/rotate_by_file.js
2018-03-27 10:56:12,283 INFO 2919 [egg-static] starting static serve / -> /Users/cyrus/Documents/Code/egg-project/dnf-eye/app/public
2018-03-27 10:56:12,287 INFO 2919 [egg-security] use csrf middleware
2018-03-27 10:56:12,288 INFO 2919 [egg-security] use methodnoallow middleware
2018-03-27 10:56:12,289 INFO 2919 [egg-security] use noopen middleware
2018-03-27 10:56:12,290 INFO 2919 [egg-security] use nosniff middleware
2018-03-27 10:56:12,291 INFO 2919 [egg-security] use xssProtection middleware
2018-03-27 10:56:12,292 INFO 2919 [egg-security] use xframe middleware
2018-03-27 10:56:12,293 INFO 2919 [egg-security] use dta middleware
2018-03-27 10:56:12,293 INFO 2919 [egg-security] compose 7 middlewares into one security middleware
2018-03-27 10:56:12,565 INFO 2919 [egg-watcher:app] watcher start success
2018-03-27 13:42:46,233 INFO 3916 [egg:logger] init all loggers with options: {"dir":"/Users/cyrus/Documents/Code/egg-project/dnf-eye/logs/dnf-eye","encoding":"utf8","env":"local","level":"INFO","consoleLevel":"INFO","disableConsoleAfterReady":false,"outputJSON":false,"buffer":true,"appLogName":"dnf-eye-web.log","coreLogName":"egg-web.log","agentLogName":"egg-agent.log","errorLogName":"common-error.log","coreLogger":{"consoleLevel":"WARN"},"allowDebugAtProd":true,"type":"application"}
2018-03-27 13:42:46,290 INFO 3916 [egg-schedule]: register schedule /Users/cyrus/Documents/Code/egg-project/dnf-eye/node_modules/egg-logrotator/app/schedule/clean_log.js
2018-03-27 13:42:46,290 INFO 3916 [egg-schedule]: register schedule /Users/cyrus/Documents/Code/egg-project/dnf-eye/node_modules/egg-logrotator/app/schedule/rotate_by_file.js
2018-03-27 13:42:46,356 INFO 3916 [egg-static] starting static serve / -> /Users/cyrus/Documents/Code/egg-project/dnf-eye/app/public
2018-03-27 13:42:46,360 INFO 3916 [egg-security] use csrf middleware
2018-03-27 13:42:46,361 INFO 3916 [egg-security] use methodnoallow middleware
2018-03-27 13:42:46,362 INFO 3916 [egg-security] use noopen middleware
2018-03-27 13:42:46,363 INFO 3916 [egg-security] use nosniff middleware
2018-03-27 13:42:46,364 INFO 3916 [egg-security] use xssProtection middleware
2018-03-27 13:42:46,364 INFO 3916 [egg-security] use xframe middleware
2018-03-27 13:42:46,365 INFO 3916 [egg-security] use dta middleware
2018-03-27 13:42:46,365 INFO 3916 [egg-security] compose 7 middlewares into one security middleware
2018-03-27 13:42:46,668 INFO 3916 [egg-watcher:app] watcher start success
2018-03-27 13:45:20,068 INFO 3953 [egg:logger] init all loggers with options: {"dir":"/Users/cyrus/Documents/Code/egg-project/dnf-eye/logs/dnf-eye","encoding":"utf8","env":"local","level":"INFO","consoleLevel":"INFO","disableConsoleAfterReady":false,"outputJSON":false,"buffer":true,"appLogName":"dnf-eye-web.log","coreLogName":"egg-web.log","agentLogName":"egg-agent.log","errorLogName":"common-error.log","coreLogger":{"consoleLevel":"WARN"},"allowDebugAtProd":true,"type":"application"}
2018-03-27 13:45:20,161 INFO 3953 [egg-schedule]: register schedule /Users/cyrus/Documents/Code/egg-project/dnf-eye/node_modules/egg-logrotator/app/schedule/clean_log.js
2018-03-27 13:45:20,161 INFO 3953 [egg-schedule]: register schedule /Users/cyrus/Documents/Code/egg-project/dnf-eye/node_modules/egg-logrotator/app/schedule/rotate_by_file.js
2018-03-27 13:45:20,243 INFO 3953 [egg-static] starting static serve / -> /Users/cyrus/Documents/Code/egg-project/dnf-eye/app/public
2018-03-27 13:45:20,246 INFO 3953 [egg-security] use methodnoallow middleware
2018-03-27 13:45:20,247 INFO 3953 [egg-security] use noopen middleware
2018-03-27 13:45:20,247 INFO 3953 [egg-security] use nosniff middleware
2018-03-27 13:45:20,249 INFO 3953 [egg-security] use xssProtection middleware
2018-03-27 13:45:20,249 INFO 3953 [egg-security] use xframe middleware
2018-03-27 13:45:20,250 INFO 3953 [egg-security] use dta middleware
2018-03-27 13:45:20,250 INFO 3953 [egg-security] compose 6 middlewares into one security middleware
2018-03-27 13:45:20,634 INFO 3953 [egg-watcher:app] watcher start success
2018-03-27 13:55:30,741 INFO 4044 [egg:logger] init all loggers with options: {"dir":"/Users/cyrus/Documents/Code/egg-project/dnf-eye/logs/dnf-eye","encoding":"utf8","env":"local","level":"INFO","consoleLevel":"INFO","disableConsoleAfterReady":false,"outputJSON":false,"buffer":true,"appLogName":"dnf-eye-web.log","coreLogName":"egg-web.log","agentLogName":"egg-agent.log","errorLogName":"common-error.log","coreLogger":{"consoleLevel":"WARN"},"allowDebugAtProd":true,"type":"application"}
2018-03-27 13:55:30,815 INFO 4044 [egg-schedule]: register schedule /Users/cyrus/Documents/Code/egg-project/dnf-eye/node_modules/egg-logrotator/app/schedule/clean_log.js
2018-03-27 13:55:30,815 INFO 4044 [egg-schedule]: register schedule /Users/cyrus/Documents/Code/egg-project/dnf-eye/node_modules/egg-logrotator/app/schedule/rotate_by_file.js
2018-03-27 13:55:30,889 INFO 4044 [egg-static] starting static serve / -> /Users/cyrus/Documents/Code/egg-project/dnf-eye/app/public
2018-03-27 13:55:30,892 INFO 4044 [egg-security] use methodnoallow middleware
2018-03-27 13:55:30,893 INFO 4044 [egg-security] use noopen middleware
2018-03-27 13:55:30,894 INFO 4044 [egg-security] use nosniff middleware
2018-03-27 13:55:30,895 INFO 4044 [egg-security] use xssProtection middleware
2018-03-27 13:55:30,897 INFO 4044 [egg-security] use xframe middleware
2018-03-27 13:55:30,898 INFO 4044 [egg-security] use dta middleware
2018-03-27 13:55:30,898 INFO 4044 [egg-security] compose 6 middlewares into one security middleware
2018-03-27 13:55:31,232 INFO 4044 [egg-watcher:app] watcher start success
2018-03-27 13:59:14,974 INFO 4084 [egg:logger] init all loggers with options: {"dir":"/Users/cyrus/Documents/Code/egg-project/dnf-eye/logs/dnf-eye","encoding":"utf8","env":"local","level":"INFO","consoleLevel":"INFO","disableConsoleAfterReady":false,"outputJSON":false,"buffer":true,"appLogName":"dnf-eye-web.log","coreLogName":"egg-web.log","agentLogName":"egg-agent.log","errorLogName":"common-error.log","coreLogger":{"consoleLevel":"WARN"},"allowDebugAtProd":true,"type":"application"}
2018-03-27 13:59:15,028 INFO 4084 [egg-schedule]: register schedule /Users/cyrus/Documents/Code/egg-project/dnf-eye/node_modules/egg-logrotator/app/schedule/clean_log.js
2018-03-27 13:59:15,028 INFO 4084 [egg-schedule]: register schedule /Users/cyrus/Documents/Code/egg-project/dnf-eye/node_modules/egg-logrotator/app/schedule/rotate_by_file.js
2018-03-27 13:59:15,089 INFO 4084 [egg-static] starting static serve / -> /Users/cyrus/Documents/Code/egg-project/dnf-eye/app/public
2018-03-27 13:59:15,093 INFO 4084 [egg-security] use methodnoallow middleware
2018-03-27 13:59:15,093 INFO 4084 [egg-security] use noopen middleware
2018-03-27 13:59:15,094 INFO 4084 [egg-security] use nosniff middleware
2018-03-27 13:59:15,095 INFO 4084 [egg-security] use xssProtection middleware
2018-03-27 13:59:15,095 INFO 4084 [egg-security] use xframe middleware
2018-03-27 13:59:15,096 INFO 4084 [egg-security] use dta middleware
2018-03-27 13:59:15,096 INFO 4084 [egg-security] compose 6 middlewares into one security middleware
2018-03-27 13:59:15,353 INFO 4084 [egg-watcher:app] watcher start success
2018-03-27 14:07:18,216 INFO 4165 [egg:logger] init all loggers with options: {"dir":"/Users/cyrus/Documents/Code/egg-project/dnf-eye/logs/dnf-eye","encoding":"utf8","env":"local","level":"INFO","consoleLevel":"INFO","disableConsoleAfterReady":false,"outputJSON":false,"buffer":true,"appLogName":"dnf-eye-web.log","coreLogName":"egg-web.log","agentLogName":"egg-agent.log","errorLogName":"common-error.log","coreLogger":{"consoleLevel":"WARN"},"allowDebugAtProd":true,"type":"application"}
2018-03-27 14:07:18,276 INFO 4165 [egg-schedule]: register schedule /Users/cyrus/Documents/Code/egg-project/dnf-eye/node_modules/egg-logrotator/app/schedule/clean_log.js
2018-03-27 14:07:18,276 INFO 4165 [egg-schedule]: register schedule /Users/cyrus/Documents/Code/egg-project/dnf-eye/node_modules/egg-logrotator/app/schedule/rotate_by_file.js
2018-03-27 14:07:18,345 INFO 4165 [egg-static] starting static serve / -> /Users/cyrus/Documents/Code/egg-project/dnf-eye/app/public
2018-03-27 14:07:18,349 INFO 4165 [egg-security] use methodnoallow middleware
2018-03-27 14:07:18,350 INFO 4165 [egg-security] use noopen middleware
2018-03-27 14:07:18,350 INFO 4165 [egg-security] use nosniff middleware
2018-03-27 14:07:18,351 INFO 4165 [egg-security] use xssProtection middleware
2018-03-27 14:07:18,352 INFO 4165 [egg-security] use xframe middleware
2018-03-27 14:07:18,353 INFO 4165 [egg-security] use dta middleware
2018-03-27 14:07:18,353 INFO 4165 [egg-security] compose 6 middlewares into one security middleware
2018-03-27 14:07:18,651 INFO 4165 [egg-watcher:app] watcher start success
2018-03-27 14:18:25,825 INFO 4264 [egg:logger] init all loggers with options: {"dir":"/Users/cyrus/Documents/Code/egg-project/dnf-eye/logs/dnf-eye","encoding":"utf8","env":"local","level":"INFO","consoleLevel":"INFO","disableConsoleAfterReady":false,"outputJSON":false,"buffer":true,"appLogName":"dnf-eye-web.log","coreLogName":"egg-web.log","agentLogName":"egg-agent.log","errorLogName":"common-error.log","coreLogger":{"consoleLevel":"WARN"},"allowDebugAtProd":true,"type":"application"}
2018-03-27 14:18:25,882 INFO 4264 [egg-schedule]: register schedule /Users/cyrus/Documents/Code/egg-project/dnf-eye/node_modules/egg-logrotator/app/schedule/clean_log.js
2018-03-27 14:18:25,882 INFO 4264 [egg-schedule]: register schedule /Users/cyrus/Documents/Code/egg-project/dnf-eye/node_modules/egg-logrotator/app/schedule/rotate_by_file.js
2018-03-27 14:18:25,956 INFO 4264 [egg-static] starting static serve / -> /Users/cyrus/Documents/Code/egg-project/dnf-eye/app/public
2018-03-27 14:18:25,959 INFO 4264 [egg-security] use methodnoallow middleware
2018-03-27 14:18:25,960 INFO 4264 [egg-security] use noopen middleware
2018-03-27 14:18:25,961 INFO 4264 [egg-security] use nosniff middleware
2018-03-27 14:18:25,961 INFO 4264 [egg-security] use xssProtection middleware
2018-03-27 14:18:25,962 INFO 4264 [egg-security] use xframe middleware
2018-03-27 14:18:25,962 INFO 4264 [egg-security] use dta middleware
2018-03-27 14:18:25,962 INFO 4264 [egg-security] compose 6 middlewares into one security middleware
2018-03-27 14:18:26,442 INFO 4264 [egg-watcher:app] watcher start success
2018-03-27 16:40:15,152 INFO 6627 [egg:logger] init all loggers with options: {"dir":"/Users/cyrus/Documents/Code/egg-project/dnf-eye/logs/dnf-eye","encoding":"utf8","env":"local","level":"INFO","consoleLevel":"INFO","disableConsoleAfterReady":false,"outputJSON":false,"buffer":true,"appLogName":"dnf-eye-web.log","coreLogName":"egg-web.log","agentLogName":"egg-agent.log","errorLogName":"common-error.log","coreLogger":{"consoleLevel":"WARN"},"allowDebugAtProd":true,"type":"application"}
2018-03-27 16:40:15,236 INFO 6627 [egg-schedule]: register schedule /Users/cyrus/Documents/Code/egg-project/dnf-eye/node_modules/egg-logrotator/app/schedule/clean_log.js
2018-03-27 16:40:15,236 INFO 6627 [egg-schedule]: register schedule /Users/cyrus/Documents/Code/egg-project/dnf-eye/node_modules/egg-logrotator/app/schedule/rotate_by_file.js
2018-03-27 16:40:15,335 INFO 6627 [egg-static] starting static serve / -> /Users/cyrus/Documents/Code/egg-project/dnf-eye/app/public
2018-03-27 16:40:15,343 INFO 6627 [egg-security] use methodnoallow middleware
2018-03-27 16:40:15,344 INFO 6627 [egg-security] use noopen middleware
2018-03-27 16:40:15,345 INFO 6627 [egg-security] use nosniff middleware
2018-03-27 16:40:15,347 INFO 6627 [egg-security] use xssProtection middleware
2018-03-27 16:40:15,348 INFO 6627 [egg-security] use xframe middleware
2018-03-27 16:40:15,350 INFO 6627 [egg-security] use dta middleware
2018-03-27 16:40:15,350 INFO 6627 [egg-security] compose 6 middlewares into one security middleware
2018-03-27 16:40:15,679 INFO 6627 [egg-watcher:app] watcher start success
2018-03-27 16:40:34,365 INFO 6630 [egg:logger] init all loggers with options: {"dir":"/Users/cyrus/Documents/Code/egg-project/dnf-eye/logs/dnf-eye","encoding":"utf8","env":"local","level":"INFO","consoleLevel":"INFO","disableConsoleAfterReady":false,"outputJSON":false,"buffer":true,"appLogName":"dnf-eye-web.log","coreLogName":"egg-web.log","agentLogName":"egg-agent.log","errorLogName":"common-error.log","coreLogger":{"consoleLevel":"WARN"},"allowDebugAtProd":true,"type":"application"}
2018-03-27 16:40:34,496 INFO 6630 [egg-schedule]: register schedule /Users/cyrus/Documents/Code/egg-project/dnf-eye/node_modules/egg-logrotator/app/schedule/clean_log.js
2018-03-27 16:40:34,496 INFO 6630 [egg-schedule]: register schedule /Users/cyrus/Documents/Code/egg-project/dnf-eye/node_modules/egg-logrotator/app/schedule/rotate_by_file.js
2018-03-27 16:40:34,618 INFO 6630 [egg-static] starting static serve / -> /Users/cyrus/Documents/Code/egg-project/dnf-eye/app/public
2018-03-27 16:40:34,624 INFO 6630 [egg-security] use methodnoallow middleware
2018-03-27 16:40:34,625 INFO 6630 [egg-security] use noopen middleware
2018-03-27 16:40:34,626 INFO 6630 [egg-security] use nosniff middleware
2018-03-27 16:40:34,628 INFO 6630 [egg-security] use xssProtection middleware
2018-03-27 16:40:34,629 INFO 6630 [egg-security] use xframe middleware
2018-03-27 16:40:34,631 INFO 6630 [egg-security] use dta middleware
2018-03-27 16:40:34,631 INFO 6630 [egg-security] compose 6 middlewares into one security middleware
2018-03-27 16:40:34,970 INFO 6630 [egg-watcher:app] watcher start success
2018-03-27 16:42:22,743 INFO 6653 [egg:logger] init all loggers with options: {"dir":"/Users/cyrus/Documents/Code/egg-project/dnf-eye/logs/dnf-eye","encoding":"utf8","env":"local","level":"INFO","consoleLevel":"INFO","disableConsoleAfterReady":false,"outputJSON":false,"buffer":true,"appLogName":"dnf-eye-web.log","coreLogName":"egg-web.log","agentLogName":"egg-agent.log","errorLogName":"common-error.log","coreLogger":{"consoleLevel":"WARN"},"allowDebugAtProd":true,"type":"application"}
2018-03-27 16:42:22,848 INFO 6653 [egg-schedule]: register schedule /Users/cyrus/Documents/Code/egg-project/dnf-eye/node_modules/egg-logrotator/app/schedule/clean_log.js
2018-03-27 16:42:22,848 INFO 6653 [egg-schedule]: register schedule /Users/cyrus/Documents/Code/egg-project/dnf-eye/node_modules/egg-logrotator/app/schedule/rotate_by_file.js
2018-03-27 16:42:22,972 INFO 6653 [egg-static] starting static serve / -> /Users/cyrus/Documents/Code/egg-project/dnf-eye/app/public
2018-03-27 16:42:22,977 INFO 6653 [egg-security] use methodnoallow middleware
2018-03-27 16:42:22,979 INFO 6653 [egg-security] use noopen middleware
2018-03-27 16:42:22,979 INFO 6653 [egg-security] use nosniff middleware
2018-03-27 16:42:22,980 INFO 6653 [egg-security] use xssProtection middleware
2018-03-27 16:42:22,981 INFO 6653 [egg-security] use xframe middleware
2018-03-27 16:42:22,982 INFO 6653 [egg-security] use dta middleware
2018-03-27 16:42:22,982 INFO 6653 [egg-security] compose 6 middlewares into one security middleware
2018-03-27 16:42:23,287 INFO 6653 [egg-watcher:app] watcher start success
2018-03-27 16:43:46,131 INFO 6672 [egg:logger] init all loggers with options: {"dir":"/Users/cyrus/Documents/Code/egg-project/dnf-eye/logs/dnf-eye","encoding":"utf8","env":"local","level":"INFO","consoleLevel":"INFO","disableConsoleAfterReady":false,"outputJSON":false,"buffer":true,"appLogName":"dnf-eye-web.log","coreLogName":"egg-web.log","agentLogName":"egg-agent.log","errorLogName":"common-error.log","coreLogger":{"consoleLevel":"WARN"},"allowDebugAtProd":true,"type":"application"}
2018-03-27 16:43:46,184 INFO 6672 [egg-schedule]: register schedule /Users/cyrus/Documents/Code/egg-project/dnf-eye/node_modules/egg-logrotator/app/schedule/clean_log.js
2018-03-27 16:43:46,184 INFO 6672 [egg-schedule]: register schedule /Users/cyrus/Documents/Code/egg-project/dnf-eye/node_modules/egg-logrotator/app/schedule/rotate_by_file.js
2018-03-27 16:43:46,252 INFO 6672 [egg-static] starting static serve / -> /Users/cyrus/Documents/Code/egg-project/dnf-eye/app/public
2018-03-27 16:43:46,256 INFO 6672 [egg-security] use methodnoallow middleware
2018-03-27 16:43:46,257 INFO 6672 [egg-security] use noopen middleware
2018-03-27 16:43:46,258 INFO 6672 [egg-security] use nosniff middleware
2018-03-27 16:43:46,259 INFO 6672 [egg-security] use xssProtection middleware
2018-03-27 16:43:46,259 INFO 6672 [egg-security] use xframe middleware
2018-03-27 16:43:46,260 INFO 6672 [egg-security] use dta middleware
2018-03-27 16:43:46,260 INFO 6672 [egg-security] compose 6 middlewares into one security middleware
2018-03-27 16:43:46,555 INFO 6672 [egg-watcher:app] watcher start success
2018-03-27 16:45:03,530 INFO 6696 [egg:logger] init all loggers with options: {"dir":"/Users/cyrus/Documents/Code/egg-project/dnf-eye/logs/dnf-eye","encoding":"utf8","env":"local","level":"INFO","consoleLevel":"INFO","disableConsoleAfterReady":false,"outputJSON":false,"buffer":true,"appLogName":"dnf-eye-web.log","coreLogName":"egg-web.log","agentLogName":"egg-agent.log","errorLogName":"common-error.log","coreLogger":{"consoleLevel":"WARN"},"allowDebugAtProd":true,"type":"application"}
2018-03-27 16:45:03,590 INFO 6696 [egg-schedule]: register schedule /Users/cyrus/Documents/Code/egg-project/dnf-eye/node_modules/egg-logrotator/app/schedule/clean_log.js
2018-03-27 16:45:03,590 INFO 6696 [egg-schedule]: register schedule /Users/cyrus/Documents/Code/egg-project/dnf-eye/node_modules/egg-logrotator/app/schedule/rotate_by_file.js
2018-03-27 16:45:03,654 INFO 6696 [egg-static] starting static serve / -> /Users/cyrus/Documents/Code/egg-project/dnf-eye/app/public
2018-03-27 16:45:03,658 INFO 6696 [egg-security] use methodnoallow middleware
2018-03-27 16:45:03,659 INFO 6696 [egg-security] use noopen middleware
2018-03-27 16:45:03,659 INFO 6696 [egg-security] use nosniff middleware
2018-03-27 16:45:03,662 INFO 6696 [egg-security] use xssProtection middleware
2018-03-27 16:45:03,662 INFO 6696 [egg-security] use xframe middleware
2018-03-27 16:45:03,663 INFO 6696 [egg-security] use dta middleware
2018-03-27 16:45:03,663 INFO 6696 [egg-security] compose 6 middlewares into one security middleware
2018-03-27 16:45:03,998 INFO 6696 [egg-watcher:app] watcher start success
2018-03-27 16:46:36,343 INFO 6711 [egg:logger] init all loggers with options: {"dir":"/Users/cyrus/Documents/Code/egg-project/dnf-eye/logs/dnf-eye","encoding":"utf8","env":"local","level":"INFO","consoleLevel":"INFO","disableConsoleAfterReady":false,"outputJSON":false,"buffer":true,"appLogName":"dnf-eye-web.log","coreLogName":"egg-web.log","agentLogName":"egg-agent.log","errorLogName":"common-error.log","coreLogger":{"consoleLevel":"WARN"},"allowDebugAtProd":true,"type":"application"}
2018-03-27 16:46:36,438 INFO 6711 [egg-schedule]: register schedule /Users/cyrus/Documents/Code/egg-project/dnf-eye/node_modules/egg-logrotator/app/schedule/clean_log.js
2018-03-27 16:46:36,438 INFO 6711 [egg-schedule]: register schedule /Users/cyrus/Documents/Code/egg-project/dnf-eye/node_modules/egg-logrotator/app/schedule/rotate_by_file.js
2018-03-27 16:46:36,532 INFO 6711 [egg-static] starting static serve / -> /Users/cyrus/Documents/Code/egg-project/dnf-eye/app/public
2018-03-27 16:46:36,539 INFO 6711 [egg-security] use methodnoallow middleware
2018-03-27 16:46:36,540 INFO 6711 [egg-security] use noopen middleware
2018-03-27 16:46:36,541 INFO 6711 [egg-security] use nosniff middleware
2018-03-27 16:46:36,542 INFO 6711 [egg-security] use xssProtection middleware
2018-03-27 16:46:36,543 INFO 6711 [egg-security] use xframe middleware
2018-03-27 16:46:36,544 INFO 6711 [egg-security] use dta middleware
2018-03-27 16:46:36,544 INFO 6711 [egg-security] compose 6 middlewares into one security middleware
2018-03-27 16:46:36,872 INFO 6711 [egg-watcher:app] watcher start success
2018-03-27 16:51:01,692 INFO 6759 [egg:logger] init all loggers with options: {"dir":"/Users/cyrus/Documents/Code/egg-project/dnf-eye/logs/dnf-eye","encoding":"utf8","env":"local","level":"INFO","consoleLevel":"INFO","disableConsoleAfterReady":false,"outputJSON":false,"buffer":true,"appLogName":"dnf-eye-web.log","coreLogName":"egg-web.log","agentLogName":"egg-agent.log","errorLogName":"common-error.log","coreLogger":{"consoleLevel":"WARN"},"allowDebugAtProd":true,"type":"application"}
2018-03-27 16:51:01,771 INFO 6759 [egg-schedule]: register schedule /Users/cyrus/Documents/Code/egg-project/dnf-eye/node_modules/egg-logrotator/app/schedule/clean_log.js
2018-03-27 16:51:01,771 INFO 6759 [egg-schedule]: register schedule /Users/cyrus/Documents/Code/egg-project/dnf-eye/node_modules/egg-logrotator/app/schedule/rotate_by_file.js
2018-03-27 16:51:01,863 INFO 6759 [egg-static] starting static serve / -> /Users/cyrus/Documents/Code/egg-project/dnf-eye/app/public
2018-03-27 16:51:01,869 INFO 6759 [egg-security] use methodnoallow middleware
2018-03-27 16:51:01,870 INFO 6759 [egg-security] use noopen middleware
2018-03-27 16:51:01,871 INFO 6759 [egg-security] use nosniff middleware
2018-03-27 16:51:01,872 INFO 6759 [egg-security] use xssProtection middleware
2018-03-27 16:51:01,872 INFO 6759 [egg-security] use xframe middleware
2018-03-27 16:51:01,873 INFO 6759 [egg-security] use dta middleware
2018-03-27 16:51:01,874 INFO 6759 [egg-security] compose 6 middlewares into one security middleware
2018-03-27 16:51:02,171 INFO 6759 [egg-watcher:app] watcher start success
2018-03-27 16:54:39,403 INFO 6805 [egg:logger] init all loggers with options: {"dir":"/Users/cyrus/Documents/Code/egg-project/dnf-eye/logs/dnf-eye","encoding":"utf8","env":"local","level":"INFO","consoleLevel":"INFO","disableConsoleAfterReady":false,"outputJSON":false,"buffer":true,"appLogName":"dnf-eye-web.log","coreLogName":"egg-web.log","agentLogName":"egg-agent.log","errorLogName":"common-error.log","coreLogger":{"consoleLevel":"WARN"},"allowDebugAtProd":true,"type":"application"}
2018-03-27 16:54:39,470 INFO 6805 [egg-schedule]: register schedule /Users/cyrus/Documents/Code/egg-project/dnf-eye/node_modules/egg-logrotator/app/schedule/clean_log.js
2018-03-27 16:54:39,470 INFO 6805 [egg-schedule]: register schedule /Users/cyrus/Documents/Code/egg-project/dnf-eye/node_modules/egg-logrotator/app/schedule/rotate_by_file.js
2018-03-27 16:54:39,531 INFO 6805 [egg-static] starting static serve / -> /Users/cyrus/Documents/Code/egg-project/dnf-eye/app/public
2018-03-27 16:54:39,534 INFO 6805 [egg-security] use methodnoallow middleware
2018-03-27 16:54:39,535 INFO 6805 [egg-security] use noopen middleware
2018-03-27 16:54:39,535 INFO 6805 [egg-security] use nosniff middleware
2018-03-27 16:54:39,536 INFO 6805 [egg-security] use xssProtection middleware
2018-03-27 16:54:39,537 INFO 6805 [egg-security] use xframe middleware
2018-03-27 16:54:39,537 INFO 6805 [egg-security] use dta middleware
2018-03-27 16:54:39,537 INFO 6805 [egg-security] compose 6 middlewares into one security middleware
2018-03-27 16:54:39,831 INFO 6805 [egg-watcher:app] watcher start success
2018-03-27 16:57:40,659 INFO 6839 [egg:logger] init all loggers with options: {"dir":"/Users/cyrus/Documents/Code/egg-project/dnf-eye/logs/dnf-eye","encoding":"utf8","env":"local","level":"INFO","consoleLevel":"INFO","disableConsoleAfterReady":false,"outputJSON":false,"buffer":true,"appLogName":"dnf-eye-web.log","coreLogName":"egg-web.log","agentLogName":"egg-agent.log","errorLogName":"common-error.log","coreLogger":{"consoleLevel":"WARN"},"allowDebugAtProd":true,"type":"application"}
2018-03-27 16:57:40,737 INFO 6839 [egg-schedule]: register schedule /Users/cyrus/Documents/Code/egg-project/dnf-eye/node_modules/egg-logrotator/app/schedule/clean_log.js
2018-03-27 16:57:40,738 INFO 6839 [egg-schedule]: register schedule /Users/cyrus/Documents/Code/egg-project/dnf-eye/node_modules/egg-logrotator/app/schedule/rotate_by_file.js
2018-03-27 16:57:40,829 INFO 6839 [egg-static] starting static serve / -> /Users/cyrus/Documents/Code/egg-project/dnf-eye/app/public
2018-03-27 16:57:40,839 INFO 6839 [egg-security] use methodnoallow middleware
2018-03-27 16:57:40,840 INFO 6839 [egg-security] use noopen middleware
2018-03-27 16:57:40,840 INFO 6839 [egg-security] use nosniff middleware
2018-03-27 16:57:40,840 INFO 6839 [egg-security] use xssProtection middleware
2018-03-27 16:57:40,841 INFO 6839 [egg-security] use xframe middleware
2018-03-27 16:57:40,841 INFO 6839 [egg-security] use dta middleware
2018-03-27 16:57:40,842 INFO 6839 [egg-security] compose 6 middlewares into one security middleware
2018-03-27 16:57:41,174 INFO 6839 [egg-watcher:app] watcher start success
2018-03-27 17:10:19,022 INFO 6984 [egg:logger] init all loggers with options: {"dir":"/Users/cyrus/Documents/Code/egg-project/dnf-eye/logs/dnf-eye","encoding":"utf8","env":"local","level":"INFO","consoleLevel":"INFO","disableConsoleAfterReady":false,"outputJSON":false,"buffer":true,"appLogName":"dnf-eye-web.log","coreLogName":"egg-web.log","agentLogName":"egg-agent.log","errorLogName":"common-error.log","coreLogger":{"consoleLevel":"WARN"},"allowDebugAtProd":true,"type":"application"}
2018-03-27 17:10:19,090 INFO 6984 [egg-schedule]: register schedule /Users/cyrus/Documents/Code/egg-project/dnf-eye/node_modules/egg-logrotator/app/schedule/clean_log.js
2018-03-27 17:10:19,090 INFO 6984 [egg-schedule]: register schedule /Users/cyrus/Documents/Code/egg-project/dnf-eye/node_modules/egg-logrotator/app/schedule/rotate_by_file.js
2018-03-27 17:10:19,169 INFO 6984 [egg-static] starting static serve / -> /Users/cyrus/Documents/Code/egg-project/dnf-eye/app/public
2018-03-27 17:10:19,175 INFO 6984 [egg-security] use methodnoallow middleware
2018-03-27 17:10:19,176 INFO 6984 [egg-security] use noopen middleware
2018-03-27 17:10:19,177 INFO 6984 [egg-security] use nosniff middleware
2018-03-27 17:10:19,178 INFO 6984 [egg-security] use xssProtection middleware
2018-03-27 17:10:19,178 INFO 6984 [egg-security] use xframe middleware
2018-03-27 17:10:19,179 INFO 6984 [egg-security] use dta middleware
2018-03-27 17:10:19,179 INFO 6984 [egg-security] compose 6 middlewares into one security middleware
2018-03-27 17:10:19,777 INFO 6984 [egg-watcher:app] watcher start success
2018-03-27 17:13:18,466 INFO 7017 [egg:logger] init all loggers with options: {"dir":"/Users/cyrus/Documents/Code/egg-project/dnf-eye/logs/dnf-eye","encoding":"utf8","env":"local","level":"INFO","consoleLevel":"INFO","disableConsoleAfterReady":false,"outputJSON":false,"buffer":true,"appLogName":"dnf-eye-web.log","coreLogName":"egg-web.log","agentLogName":"egg-agent.log","errorLogName":"common-error.log","coreLogger":{"consoleLevel":"WARN"},"allowDebugAtProd":true,"type":"application"}
2018-03-27 17:13:18,519 INFO 7017 [egg-schedule]: register schedule /Users/cyrus/Documents/Code/egg-project/dnf-eye/node_modules/egg-logrotator/app/schedule/clean_log.js
2018-03-27 17:13:18,519 INFO 7017 [egg-schedule]: register schedule /Users/cyrus/Documents/Code/egg-project/dnf-eye/node_modules/egg-logrotator/app/schedule/rotate_by_file.js
2018-03-27 17:13:18,583 INFO 7017 [egg-static] starting static serve / -> /Users/cyrus/Documents/Code/egg-project/dnf-eye/app/public
2018-03-27 17:13:18,586 INFO 7017 [egg-security] use methodnoallow middleware
2018-03-27 17:13:18,587 INFO 7017 [egg-security] use noopen middleware
2018-03-27 17:13:18,588 INFO 7017 [egg-security] use nosniff middleware
2018-03-27 17:13:18,589 INFO 7017 [egg-security] use xssProtection middleware
2018-03-27 17:13:18,590 INFO 7017 [egg-security] use xframe middleware
2018-03-27 17:13:18,590 INFO 7017 [egg-security] use dta middleware
2018-03-27 17:13:18,590 INFO 7017 [egg-security] compose 6 middlewares into one security middleware
2018-03-27 17:13:18,844 INFO 7017 [egg-watcher:app] watcher start success
2018-03-27 17:14:34,958 INFO 7034 [egg:logger] init all loggers with options: {"dir":"/Users/cyrus/Documents/Code/egg-project/dnf-eye/logs/dnf-eye","encoding":"utf8","env":"local","level":"INFO","consoleLevel":"INFO","disableConsoleAfterReady":false,"outputJSON":false,"buffer":true,"appLogName":"dnf-eye-web.log","coreLogName":"egg-web.log","agentLogName":"egg-agent.log","errorLogName":"common-error.log","coreLogger":{"consoleLevel":"WARN"},"allowDebugAtProd":true,"type":"application"}
2018-03-27 17:14:35,013 INFO 7034 [egg-schedule]: register schedule /Users/cyrus/Documents/Code/egg-project/dnf-eye/node_modules/egg-logrotator/app/schedule/clean_log.js
2018-03-27 17:14:35,013 INFO 7034 [egg-schedule]: register schedule /Users/cyrus/Documents/Code/egg-project/dnf-eye/node_modules/egg-logrotator/app/schedule/rotate_by_file.js
2018-03-27 17:14:35,088 INFO 7034 [egg-static] starting static serve / -> /Users/cyrus/Documents/Code/egg-project/dnf-eye/app/public
2018-03-27 17:14:35,094 INFO 7034 [egg-security] use methodnoallow middleware
2018-03-27 17:14:35,096 INFO 7034 [egg-security] use noopen middleware
2018-03-27 17:14:35,097 INFO 7034 [egg-security] use nosniff middleware
2018-03-27 17:14:35,098 INFO 7034 [egg-security] use xssProtection middleware
2018-03-27 17:14:35,099 INFO 7034 [egg-security] use xframe middleware
2018-03-27 17:14:35,100 INFO 7034 [egg-security] use dta middleware
2018-03-27 17:14:35,100 INFO 7034 [egg-security] compose 6 middlewares into one security middleware
2018-03-27 17:14:35,499 INFO 7034 [egg-watcher:app] watcher start success
2018-03-27 17:17:03,468 INFO 7074 [egg:logger] init all loggers with options: {"dir":"/Users/cyrus/Documents/Code/egg-project/dnf-eye/logs/dnf-eye","encoding":"utf8","env":"local","level":"INFO","consoleLevel":"INFO","disableConsoleAfterReady":false,"outputJSON":false,"buffer":true,"appLogName":"dnf-eye-web.log","coreLogName":"egg-web.log","agentLogName":"egg-agent.log","errorLogName":"common-error.log","coreLogger":{"consoleLevel":"WARN"},"allowDebugAtProd":true,"type":"application"}
2018-03-27 17:17:03,539 INFO 7074 [egg-schedule]: register schedule /Users/cyrus/Documents/Code/egg-project/dnf-eye/node_modules/egg-logrotator/app/schedule/clean_log.js
2018-03-27 17:17:03,539 INFO 7074 [egg-schedule]: register schedule /Users/cyrus/Documents/Code/egg-project/dnf-eye/node_modules/egg-logrotator/app/schedule/rotate_by_file.js
2018-03-27 17:17:03,613 INFO 7074 [egg-static] starting static serve / -> /Users/cyrus/Documents/Code/egg-project/dnf-eye/app/public
2018-03-27 17:17:03,626 INFO 7074 [egg-security] use methodnoallow middleware
2018-03-27 17:17:03,627 INFO 7074 [egg-security] use noopen middleware
2018-03-27 17:17:03,627 INFO 7074 [egg-security] use nosniff middleware
2018-03-27 17:17:03,628 INFO 7074 [egg-security] use xssProtection middleware
2018-03-27 17:17:03,629 INFO 7074 [egg-security] use xframe middleware
2018-03-27 17:17:03,629 INFO 7074 [egg-security] use dta middleware
2018-03-27 17:17:03,629 INFO 7074 [egg-security] compose 6 middlewares into one security middleware
2018-03-27 17:17:04,053 INFO 7074 [egg-watcher:app] watcher start success
2018-03-27 17:17:56,139 INFO 7085 [egg:logger] init all loggers with options: {"dir":"/Users/cyrus/Documents/Code/egg-project/dnf-eye/logs/dnf-eye","encoding":"utf8","env":"local","level":"INFO","consoleLevel":"INFO","disableConsoleAfterReady":false,"outputJSON":false,"buffer":true,"appLogName":"dnf-eye-web.log","coreLogName":"egg-web.log","agentLogName":"egg-agent.log","errorLogName":"common-error.log","coreLogger":{"consoleLevel":"WARN"},"allowDebugAtProd":true,"type":"application"}
2018-03-27 17:17:56,196 INFO 7085 [egg-schedule]: register schedule /Users/cyrus/Documents/Code/egg-project/dnf-eye/node_modules/egg-logrotator/app/schedule/clean_log.js
2018-03-27 17:17:56,196 INFO 7085 [egg-schedule]: register schedule /Users/cyrus/Documents/Code/egg-project/dnf-eye/node_modules/egg-logrotator/app/schedule/rotate_by_file.js
2018-03-27 17:17:56,269 INFO 7085 [egg-static] starting static serve / -> /Users/cyrus/Documents/Code/egg-project/dnf-eye/app/public
2018-03-27 17:17:56,276 INFO 7085 [egg-security] use methodnoallow middleware
2018-03-27 17:17:56,278 INFO 7085 [egg-security] use noopen middleware
2018-03-27 17:17:56,279 INFO 7085 [egg-security] use nosniff middleware
2018-03-27 17:17:56,280 INFO 7085 [egg-security] use xssProtection middleware
2018-03-27 17:17:56,280 INFO 7085 [egg-security] use xframe middleware
2018-03-27 17:17:56,281 INFO 7085 [egg-security] use dta middleware
2018-03-27 17:17:56,281 INFO 7085 [egg-security] compose 6 middlewares into one security middleware
2018-03-27 17:17:56,739 INFO 7085 [egg-watcher:app] watcher start success
2018-03-27 17:18:08,659 INFO 7089 [egg:logger] init all loggers with options: {"dir":"/Users/cyrus/Documents/Code/egg-project/dnf-eye/logs/dnf-eye","encoding":"utf8","env":"local","level":"INFO","consoleLevel":"INFO","disableConsoleAfterReady":false,"outputJSON":false,"buffer":true,"appLogName":"dnf-eye-web.log","coreLogName":"egg-web.log","agentLogName":"egg-agent.log","errorLogName":"common-error.log","coreLogger":{"consoleLevel":"WARN"},"allowDebugAtProd":true,"type":"application"}
2018-03-27 17:18:08,735 INFO 7089 [egg-schedule]: register schedule /Users/cyrus/Documents/Code/egg-project/dnf-eye/node_modules/egg-logrotator/app/schedule/clean_log.js
2018-03-27 17:18:08,735 INFO 7089 [egg-schedule]: register schedule /Users/cyrus/Documents/Code/egg-project/dnf-eye/node_modules/egg-logrotator/app/schedule/rotate_by_file.js
2018-03-27 17:18:08,781 INFO 7089 [egg-static] starting static serve / -> /Users/cyrus/Documents/Code/egg-project/dnf-eye/app/public
2018-03-27 17:18:08,784 INFO 7089 [egg-security] use methodnoallow middleware
2018-03-27 17:18:08,784 INFO 7089 [egg-security] use noopen middleware
2018-03-27 17:18:08,784 INFO 7089 [egg-security] use nosniff middleware
2018-03-27 17:18:08,785 INFO 7089 [egg-security] use xssProtection middleware
2018-03-27 17:18:08,785 INFO 7089 [egg-security] use xframe middleware
2018-03-27 17:18:08,785 INFO 7089 [egg-security] use dta middleware
2018-03-27 17:18:08,785 INFO 7089 [egg-security] compose 6 middlewares into one security middleware
2018-03-27 17:18:08,957 INFO 7089 [egg-watcher:app] watcher start success
2018-03-27 17:19:45,172 INFO 7107 [egg:logger] init all loggers with options: {"dir":"/Users/cyrus/Documents/Code/egg-project/dnf-eye/logs/dnf-eye","encoding":"utf8","env":"local","level":"INFO","consoleLevel":"INFO","disableConsoleAfterReady":false,"outputJSON":false,"buffer":true,"appLogName":"dnf-eye-web.log","coreLogName":"egg-web.log","agentLogName":"egg-agent.log","errorLogName":"common-error.log","coreLogger":{"consoleLevel":"WARN"},"allowDebugAtProd":true,"type":"application"}
2018-03-27 17:19:45,233 INFO 7107 [egg-schedule]: register schedule /Users/cyrus/Documents/Code/egg-project/dnf-eye/node_modules/egg-logrotator/app/schedule/clean_log.js
2018-03-27 17:19:45,233 INFO 7107 [egg-schedule]: register schedule /Users/cyrus/Documents/Code/egg-project/dnf-eye/node_modules/egg-logrotator/app/schedule/rotate_by_file.js
2018-03-27 17:19:45,303 INFO 7107 [egg-static] starting static serve / -> /Users/cyrus/Documents/Code/egg-project/dnf-eye/app/public
2018-03-27 17:19:45,310 INFO 7107 [egg-security] use methodnoallow middleware
2018-03-27 17:19:45,311 INFO 7107 [egg-security] use noopen middleware
2018-03-27 17:19:45,313 INFO 7107 [egg-security] use nosniff middleware
2018-03-27 17:19:45,315 INFO 7107 [egg-security] use xssProtection middleware
2018-03-27 17:19:45,316 INFO 7107 [egg-security] use xframe middleware
2018-03-27 17:19:45,317 INFO 7107 [egg-security] use dta middleware
2018-03-27 17:19:45,317 INFO 7107 [egg-security] compose 6 middlewares into one security middleware
2018-03-27 17:19:45,598 INFO 7107 [egg-watcher:app] watcher start success
2018-03-27 17:20:06,797 INFO 7111 [egg:logger] init all loggers with options: {"dir":"/Users/cyrus/Documents/Code/egg-project/dnf-eye/logs/dnf-eye","encoding":"utf8","env":"local","level":"INFO","consoleLevel":"INFO","disableConsoleAfterReady":false,"outputJSON":false,"buffer":true,"appLogName":"dnf-eye-web.log","coreLogName":"egg-web.log","agentLogName":"egg-agent.log","errorLogName":"common-error.log","coreLogger":{"consoleLevel":"WARN"},"allowDebugAtProd":true,"type":"application"}
2018-03-27 17:20:06,851 INFO 7111 [egg-schedule]: register schedule /Users/cyrus/Documents/Code/egg-project/dnf-eye/node_modules/egg-logrotator/app/schedule/clean_log.js
2018-03-27 17:20:06,851 INFO 7111 [egg-schedule]: register schedule /Users/cyrus/Documents/Code/egg-project/dnf-eye/node_modules/egg-logrotator/app/schedule/rotate_by_file.js
2018-03-27 17:20:06,914 INFO 7111 [egg-static] starting static serve / -> /Users/cyrus/Documents/Code/egg-project/dnf-eye/app/public
2018-03-27 17:20:06,917 INFO 7111 [egg-security] use methodnoallow middleware
2018-03-27 17:20:06,918 INFO 7111 [egg-security] use noopen middleware
2018-03-27 17:20:06,919 INFO 7111 [egg-security] use nosniff middleware
2018-03-27 17:20:06,919 INFO 7111 [egg-security] use xssProtection middleware
2018-03-27 17:20:06,920 INFO 7111 [egg-security] use xframe middleware
2018-03-27 17:20:06,921 INFO 7111 [egg-security] use dta middleware
2018-03-27 17:20:06,921 INFO 7111 [egg-security] compose 6 middlewares into one security middleware
2018-03-27 17:20:07,185 INFO 7111 [egg-watcher:app] watcher start success
